  Collision.cpp
C:\Users\ellio\Documents\SDL2 Games\Bucket Knight\Bucket Knight - Cycle 3\SpriteComponent.h(38,33): warning C4244: '=': conversion from 'float' to 'int', possible loss of data
C:\Users\ellio\Documents\SDL2 Games\Bucket Knight\Bucket Knight - Cycle 3\SpriteComponent.h(39,34): warning C4244: '=': conversion from 'float' to 'int', possible loss of data
C:\Users\ellio\Documents\SDL2 Games\Bucket Knight\Bucket Knight - Cycle 3\ColliderComponent.h(42,33): warning C4244: '=': conversion from 'float' to 'int', possible loss of data
C:\Users\ellio\Documents\SDL2 Games\Bucket Knight\Bucket Knight - Cycle 3\ColliderComponent.h(43,34): warning C4244: '=': conversion from 'float' to 'int', possible loss of data
C:\Users\ellio\Documents\SDL2 Games\Bucket Knight\Bucket Knight - Cycle 3\ECS.h(100,33): warning C4244: 'argument': conversion from '_Ty' to 'float', possible loss of data
          with
          [
              _Ty=int
          ]
C:\Users\ellio\Documents\SDL2 Games\Bucket Knight\Bucket Knight - Cycle 3\TileComponent.h(44): message : see reference to function template instantiation 'T &Entity::addComponent<TransformComponent,float,float,int&,int&,int>(float &&,float &&,int &,int &,int &&)' being compiled
          with
          [
              T=TransformComponent
          ]
  Dungeon.cpp
C:\Users\ellio\Documents\SDL2 Games\Bucket Knight\Bucket Knight - Cycle 3\Dungeon.cpp(26,17): warning C4244: 'argument': conversion from 'time_t' to 'unsigned int', possible loss of data
C:\Users\ellio\Documents\SDL2 Games\Bucket Knight\Bucket Knight - Cycle 3\Dungeon.cpp(41,23): warning C4018: '>': signed/unsigned mismatch
  ECS.cpp
  Game.cpp
C:\Users\ellio\Documents\SDL2 Games\Bucket Knight\Bucket Knight - Cycle 3\SpriteComponent.h(38,33): warning C4244: '=': conversion from 'float' to 'int', possible loss of data
C:\Users\ellio\Documents\SDL2 Games\Bucket Knight\Bucket Knight - Cycle 3\SpriteComponent.h(39,34): warning C4244: '=': conversion from 'float' to 'int', possible loss of data
C:\Users\ellio\Documents\SDL2 Games\Bucket Knight\Bucket Knight - Cycle 3\ColliderComponent.h(42,33): warning C4244: '=': conversion from 'float' to 'int', possible loss of data
C:\Users\ellio\Documents\SDL2 Games\Bucket Knight\Bucket Knight - Cycle 3\ColliderComponent.h(43,34): warning C4244: '=': conversion from 'float' to 'int', possible loss of data
C:\Users\ellio\Documents\SDL2 Games\Bucket Knight\Bucket Knight - Cycle 3\ECS.h(100,33): warning C4244: 'argument': conversion from '_Ty' to 'float', possible loss of data
          with
          [
              _Ty=int
          ]
C:\Users\ellio\Documents\SDL2 Games\Bucket Knight\Bucket Knight - Cycle 3\TileComponent.h(44): message : see reference to function template instantiation 'T &Entity::addComponent<TransformComponent,float,float,int&,int&,int>(float &&,float &&,int &,int &,int &&)' being compiled
          with
          [
              T=TransformComponent
          ]
C:\Users\ellio\Documents\SDL2 Games\Bucket Knight\Bucket Knight - Cycle 3\ECS.h(100,33): warning C4244: 'argument': conversion from 'int' to 'float', possible loss of data
C:\Users\ellio\Documents\SDL2 Games\Bucket Knight\Bucket Knight - Cycle 3\Objects.h(23): message : see reference to function template instantiation 'T &Entity::addComponent<TransformComponent,int&,int&,int&,int&,float&>(int &,int &,int &,int &,float &)' being compiled
          with
          [
              T=TransformComponent
          ]
  Level.cpp
  main.cpp
  TextureManager.cpp
  TileMap.cpp
  Vector2D.cpp
  Generating Code...
  Bucket Knight.vcxproj -> C:\Users\ellio\Documents\SDL2 Games\Bucket Knight\Bucket Knight - Cycle 3\Debug\Bucket Knight.exe
